Performing C SOURCE FILE Test WITH_STACK_PROTECTOR failed with the following output:
Change Dir: /home/ssanghvi/advanced-practical-esd/unit_tests/circular_buffer_unit_test/3rd-party/build-Debug/cmocka/CMakeFiles/CMakeTmp

Run Build Command:"/usr/bin/make" "cmTC_6eae2/fast"
make[2]: Entering directory '/home/ssanghvi/advanced-practical-esd/unit_tests/circular_buffer_unit_test/3rd-party/build-Debug/cmocka/CMakeFiles/CMakeTmp'
/usr/bin/make -f CMakeFiles/cmTC_6eae2.dir/build.make CMakeFiles/cmTC_6eae2.dir/build
make[3]: Entering directory '/home/ssanghvi/advanced-practical-esd/unit_tests/circular_buffer_unit_test/3rd-party/build-Debug/cmocka/CMakeFiles/CMakeTmp'
Building C object CMakeFiles/cmTC_6eae2.dir/src.c.o
/usr/bin/cc    -std=c99 -Wall -Werror -g -O0 -I 3rd-party/build-Debug/include  -std=gnu99 -pedantic -pedantic-errors -Wall -Wextra -Wshadow -Wmissing-prototypes -Wdeclaration-after-statement -Wunused -Wfloat-equal -Wpointer-arith -Wwrite-strings -Wformat-security -Wmissing-format-attribute -Wundef -fPIC -DWITH_STACK_PROTECTOR   -fstack-protector -o CMakeFiles/cmTC_6eae2.dir/src.c.o   -c /home/ssanghvi/advanced-practical-esd/unit_tests/circular_buffer_unit_test/3rd-party/build-Debug/cmocka/CMakeFiles/CMakeTmp/src.c
/home/ssanghvi/advanced-practical-esd/unit_tests/circular_buffer_unit_test/3rd-party/build-Debug/cmocka/CMakeFiles/CMakeTmp/src.c: In function ‘main’:
/home/ssanghvi/advanced-practical-esd/unit_tests/circular_buffer_unit_test/3rd-party/build-Debug/cmocka/CMakeFiles/CMakeTmp/src.c:1:27: error: unused parameter ‘argv’ [-Werror=unused-parameter]
 int main(int argc, char **argv) { char buffer[256]; return buffer[argc]=0;}
                           ^
cc1: all warnings being treated as errors
CMakeFiles/cmTC_6eae2.dir/build.make:65: recipe for target 'CMakeFiles/cmTC_6eae2.dir/src.c.o' failed
make[3]: *** [CMakeFiles/cmTC_6eae2.dir/src.c.o] Error 1
make[3]: Leaving directory '/home/ssanghvi/advanced-practical-esd/unit_tests/circular_buffer_unit_test/3rd-party/build-Debug/cmocka/CMakeFiles/CMakeTmp'
Makefile:126: recipe for target 'cmTC_6eae2/fast' failed
make[2]: *** [cmTC_6eae2/fast] Error 2
make[2]: Leaving directory '/home/ssanghvi/advanced-practical-esd/unit_tests/circular_buffer_unit_test/3rd-party/build-Debug/cmocka/CMakeFiles/CMakeTmp'

Source file was:
int main(int argc, char **argv) { char buffer[256]; return buffer[argc]=0;}
Determining if the include file io.h exists failed with the following output:
Change Dir: /home/ssanghvi/advanced-practical-esd/unit_tests/circular_buffer_unit_test/3rd-party/build-Debug/cmocka/CMakeFiles/CMakeTmp

Run Build Command:"/usr/bin/make" "cmTC_a9c34/fast"
make[2]: Entering directory '/home/ssanghvi/advanced-practical-esd/unit_tests/circular_buffer_unit_test/3rd-party/build-Debug/cmocka/CMakeFiles/CMakeTmp'
/usr/bin/make -f CMakeFiles/cmTC_a9c34.dir/build.make CMakeFiles/cmTC_a9c34.dir/build
make[3]: Entering directory '/home/ssanghvi/advanced-practical-esd/unit_tests/circular_buffer_unit_test/3rd-party/build-Debug/cmocka/CMakeFiles/CMakeTmp'
Building C object CMakeFiles/cmTC_a9c34.dir/CheckIncludeFile.c.o
/usr/bin/cc    -std=c99 -Wall -Werror -g -O0 -I 3rd-party/build-Debug/include  -std=gnu99 -pedantic -pedantic-errors -Wall -Wextra -Wshadow -Wmissing-prototypes -Wdeclaration-after-statement -Wunused -Wfloat-equal -Wpointer-arith -Wwrite-strings -Wformat-security -Wmissing-format-attribute -Wundef -fPIC -D_GNU_SOURCE -D_LARGEFILE64_SOURCE    -o CMakeFiles/cmTC_a9c34.dir/CheckIncludeFile.c.o   -c /home/ssanghvi/advanced-practical-esd/unit_tests/circular_buffer_unit_test/3rd-party/build-Debug/cmocka/CMakeFiles/CMakeTmp/CheckIncludeFile.c
/home/ssanghvi/advanced-practical-esd/unit_tests/circular_buffer_unit_test/3rd-party/build-Debug/cmocka/CMakeFiles/CMakeTmp/CheckIncludeFile.c:1:16: fatal error: io.h: No such file or directory
compilation terminated.
CMakeFiles/cmTC_a9c34.dir/build.make:65: recipe for target 'CMakeFiles/cmTC_a9c34.dir/CheckIncludeFile.c.o' failed
make[3]: *** [CMakeFiles/cmTC_a9c34.dir/CheckIncludeFile.c.o] Error 1
make[3]: Leaving directory '/home/ssanghvi/advanced-practical-esd/unit_tests/circular_buffer_unit_test/3rd-party/build-Debug/cmocka/CMakeFiles/CMakeTmp'
Makefile:126: recipe for target 'cmTC_a9c34/fast' failed
make[2]: *** [cmTC_a9c34/fast] Error 2
make[2]: Leaving directory '/home/ssanghvi/advanced-practical-esd/unit_tests/circular_buffer_unit_test/3rd-party/build-Debug/cmocka/CMakeFiles/CMakeTmp'


Determining if the function calloc exists failed with the following output:
Change Dir: /home/ssanghvi/advanced-practical-esd/unit_tests/circular_buffer_unit_test/3rd-party/build-Debug/cmocka/CMakeFiles/CMakeTmp

Run Build Command:"/usr/bin/make" "cmTC_bf741/fast"
make[2]: Entering directory '/home/ssanghvi/advanced-practical-esd/unit_tests/circular_buffer_unit_test/3rd-party/build-Debug/cmocka/CMakeFiles/CMakeTmp'
/usr/bin/make -f CMakeFiles/cmTC_bf741.dir/build.make CMakeFiles/cmTC_bf741.dir/build
make[3]: Entering directory '/home/ssanghvi/advanced-practical-esd/unit_tests/circular_buffer_unit_test/3rd-party/build-Debug/cmocka/CMakeFiles/CMakeTmp'
Building C object CMakeFiles/cmTC_bf741.dir/CheckFunctionExists.c.o
/usr/bin/cc    -std=c99 -Wall -Werror -g -O0 -I 3rd-party/build-Debug/include  -std=gnu99 -pedantic -pedantic-errors -Wall -Wextra -Wshadow -Wmissing-prototypes -Wdeclaration-after-statement -Wunused -Wfloat-equal -Wpointer-arith -Wwrite-strings -Wformat-security -Wmissing-format-attribute -Wundef -fPIC -D_GNU_SOURCE -D_LARGEFILE64_SOURCE -DCHECK_FUNCTION_EXISTS=calloc   -o CMakeFiles/cmTC_bf741.dir/CheckFunctionExists.c.o   -c /usr/share/cmake-3.5/Modules/CheckFunctionExists.c
<command-line>:0:23: error: conflicting types for built-in function ‘calloc’ [-Werror]
/usr/share/cmake-3.5/Modules/CheckFunctionExists.c:6:6: note: in expansion of macro ‘CHECK_FUNCTION_EXISTS’
 char CHECK_FUNCTION_EXISTS();
      ^
cc1: all warnings being treated as errors
CMakeFiles/cmTC_bf741.dir/build.make:65: recipe for target 'CMakeFiles/cmTC_bf741.dir/CheckFunctionExists.c.o' failed
make[3]: *** [CMakeFiles/cmTC_bf741.dir/CheckFunctionExists.c.o] Error 1
make[3]: Leaving directory '/home/ssanghvi/advanced-practical-esd/unit_tests/circular_buffer_unit_test/3rd-party/build-Debug/cmocka/CMakeFiles/CMakeTmp'
Makefile:126: recipe for target 'cmTC_bf741/fast' failed
make[2]: *** [cmTC_bf741/fast] Error 2
make[2]: Leaving directory '/home/ssanghvi/advanced-practical-esd/unit_tests/circular_buffer_unit_test/3rd-party/build-Debug/cmocka/CMakeFiles/CMakeTmp'


Determining if the function exit exists failed with the following output:
Change Dir: /home/ssanghvi/advanced-practical-esd/unit_tests/circular_buffer_unit_test/3rd-party/build-Debug/cmocka/CMakeFiles/CMakeTmp

Run Build Command:"/usr/bin/make" "cmTC_0c9b3/fast"
make[2]: Entering directory '/home/ssanghvi/advanced-practical-esd/unit_tests/circular_buffer_unit_test/3rd-party/build-Debug/cmocka/CMakeFiles/CMakeTmp'
/usr/bin/make -f CMakeFiles/cmTC_0c9b3.dir/build.make CMakeFiles/cmTC_0c9b3.dir/build
make[3]: Entering directory '/home/ssanghvi/advanced-practical-esd/unit_tests/circular_buffer_unit_test/3rd-party/build-Debug/cmocka/CMakeFiles/CMakeTmp'
Building C object CMakeFiles/cmTC_0c9b3.dir/CheckFunctionExists.c.o
/usr/bin/cc    -std=c99 -Wall -Werror -g -O0 -I 3rd-party/build-Debug/include  -std=gnu99 -pedantic -pedantic-errors -Wall -Wextra -Wshadow -Wmissing-prototypes -Wdeclaration-after-statement -Wunused -Wfloat-equal -Wpointer-arith -Wwrite-strings -Wformat-security -Wmissing-format-attribute -Wundef -fPIC -D_GNU_SOURCE -D_LARGEFILE64_SOURCE -DCHECK_FUNCTION_EXISTS=exit   -o CMakeFiles/cmTC_0c9b3.dir/CheckFunctionExists.c.o   -c /usr/share/cmake-3.5/Modules/CheckFunctionExists.c
<command-line>:0:23: error: conflicting types for built-in function ‘exit’ [-Werror]
/usr/share/cmake-3.5/Modules/CheckFunctionExists.c:6:6: note: in expansion of macro ‘CHECK_FUNCTION_EXISTS’
 char CHECK_FUNCTION_EXISTS();
      ^
cc1: all warnings being treated as errors
CMakeFiles/cmTC_0c9b3.dir/build.make:65: recipe for target 'CMakeFiles/cmTC_0c9b3.dir/CheckFunctionExists.c.o' failed
make[3]: *** [CMakeFiles/cmTC_0c9b3.dir/CheckFunctionExists.c.o] Error 1
make[3]: Leaving directory '/home/ssanghvi/advanced-practical-esd/unit_tests/circular_buffer_unit_test/3rd-party/build-Debug/cmocka/CMakeFiles/CMakeTmp'
Makefile:126: recipe for target 'cmTC_0c9b3/fast' failed
make[2]: *** [cmTC_0c9b3/fast] Error 2
make[2]: Leaving directory '/home/ssanghvi/advanced-practical-esd/unit_tests/circular_buffer_unit_test/3rd-party/build-Debug/cmocka/CMakeFiles/CMakeTmp'


Determining if the function fprintf exists failed with the following output:
Change Dir: /home/ssanghvi/advanced-practical-esd/unit_tests/circular_buffer_unit_test/3rd-party/build-Debug/cmocka/CMakeFiles/CMakeTmp

Run Build Command:"/usr/bin/make" "cmTC_67385/fast"
make[2]: Entering directory '/home/ssanghvi/advanced-practical-esd/unit_tests/circular_buffer_unit_test/3rd-party/build-Debug/cmocka/CMakeFiles/CMakeTmp'
/usr/bin/make -f CMakeFiles/cmTC_67385.dir/build.make CMakeFiles/cmTC_67385.dir/build
make[3]: Entering directory '/home/ssanghvi/advanced-practical-esd/unit_tests/circular_buffer_unit_test/3rd-party/build-Debug/cmocka/CMakeFiles/CMakeTmp'
Building C object CMakeFiles/cmTC_67385.dir/CheckFunctionExists.c.o
/usr/bin/cc    -std=c99 -Wall -Werror -g -O0 -I 3rd-party/build-Debug/include  -std=gnu99 -pedantic -pedantic-errors -Wall -Wextra -Wshadow -Wmissing-prototypes -Wdeclaration-after-statement -Wunused -Wfloat-equal -Wpointer-arith -Wwrite-strings -Wformat-security -Wmissing-format-attribute -Wundef -fPIC -D_GNU_SOURCE -D_LARGEFILE64_SOURCE -DCHECK_FUNCTION_EXISTS=fprintf   -o CMakeFiles/cmTC_67385.dir/CheckFunctionExists.c.o   -c /usr/share/cmake-3.5/Modules/CheckFunctionExists.c
<command-line>:0:23: error: conflicting types for built-in function ‘fprintf’ [-Werror]
/usr/share/cmake-3.5/Modules/CheckFunctionExists.c:6:6: note: in expansion of macro ‘CHECK_FUNCTION_EXISTS’
 char CHECK_FUNCTION_EXISTS();
      ^
cc1: all warnings being treated as errors
CMakeFiles/cmTC_67385.dir/build.make:65: recipe for target 'CMakeFiles/cmTC_67385.dir/CheckFunctionExists.c.o' failed
make[3]: *** [CMakeFiles/cmTC_67385.dir/CheckFunctionExists.c.o] Error 1
make[3]: Leaving directory '/home/ssanghvi/advanced-practical-esd/unit_tests/circular_buffer_unit_test/3rd-party/build-Debug/cmocka/CMakeFiles/CMakeTmp'
Makefile:126: recipe for target 'cmTC_67385/fast' failed
make[2]: *** [cmTC_67385/fast] Error 2
make[2]: Leaving directory '/home/ssanghvi/advanced-practical-esd/unit_tests/circular_buffer_unit_test/3rd-party/build-Debug/cmocka/CMakeFiles/CMakeTmp'


Determining if the function free exists failed with the following output:
Change Dir: /home/ssanghvi/advanced-practical-esd/unit_tests/circular_buffer_unit_test/3rd-party/build-Debug/cmocka/CMakeFiles/CMakeTmp

Run Build Command:"/usr/bin/make" "cmTC_55cde/fast"
make[2]: Entering directory '/home/ssanghvi/advanced-practical-esd/unit_tests/circular_buffer_unit_test/3rd-party/build-Debug/cmocka/CMakeFiles/CMakeTmp'
/usr/bin/make -f CMakeFiles/cmTC_55cde.dir/build.make CMakeFiles/cmTC_55cde.dir/build
make[3]: Entering directory '/home/ssanghvi/advanced-practical-esd/unit_tests/circular_buffer_unit_test/3rd-party/build-Debug/cmocka/CMakeFiles/CMakeTmp'
Building C object CMakeFiles/cmTC_55cde.dir/CheckFunctionExists.c.o
/usr/bin/cc    -std=c99 -Wall -Werror -g -O0 -I 3rd-party/build-Debug/include  -std=gnu99 -pedantic -pedantic-errors -Wall -Wextra -Wshadow -Wmissing-prototypes -Wdeclaration-after-statement -Wunused -Wfloat-equal -Wpointer-arith -Wwrite-strings -Wformat-security -Wmissing-format-attribute -Wundef -fPIC -D_GNU_SOURCE -D_LARGEFILE64_SOURCE -DCHECK_FUNCTION_EXISTS=free   -o CMakeFiles/cmTC_55cde.dir/CheckFunctionExists.c.o   -c /usr/share/cmake-3.5/Modules/CheckFunctionExists.c
<command-line>:0:23: error: conflicting types for built-in function ‘free’ [-Werror]
/usr/share/cmake-3.5/Modules/CheckFunctionExists.c:6:6: note: in expansion of macro ‘CHECK_FUNCTION_EXISTS’
 char CHECK_FUNCTION_EXISTS();
      ^
cc1: all warnings being treated as errors
CMakeFiles/cmTC_55cde.dir/build.make:65: recipe for target 'CMakeFiles/cmTC_55cde.dir/CheckFunctionExists.c.o' failed
make[3]: *** [CMakeFiles/cmTC_55cde.dir/CheckFunctionExists.c.o] Error 1
make[3]: Leaving directory '/home/ssanghvi/advanced-practical-esd/unit_tests/circular_buffer_unit_test/3rd-party/build-Debug/cmocka/CMakeFiles/CMakeTmp'
Makefile:126: recipe for target 'cmTC_55cde/fast' failed
make[2]: *** [cmTC_55cde/fast] Error 2
make[2]: Leaving directory '/home/ssanghvi/advanced-practical-esd/unit_tests/circular_buffer_unit_test/3rd-party/build-Debug/cmocka/CMakeFiles/CMakeTmp'


Determining if the function malloc exists failed with the following output:
Change Dir: /home/ssanghvi/advanced-practical-esd/unit_tests/circular_buffer_unit_test/3rd-party/build-Debug/cmocka/CMakeFiles/CMakeTmp

Run Build Command:"/usr/bin/make" "cmTC_1cc78/fast"
make[2]: Entering directory '/home/ssanghvi/advanced-practical-esd/unit_tests/circular_buffer_unit_test/3rd-party/build-Debug/cmocka/CMakeFiles/CMakeTmp'
/usr/bin/make -f CMakeFiles/cmTC_1cc78.dir/build.make CMakeFiles/cmTC_1cc78.dir/build
make[3]: Entering directory '/home/ssanghvi/advanced-practical-esd/unit_tests/circular_buffer_unit_test/3rd-party/build-Debug/cmocka/CMakeFiles/CMakeTmp'
Building C object CMakeFiles/cmTC_1cc78.dir/CheckFunctionExists.c.o
/usr/bin/cc    -std=c99 -Wall -Werror -g -O0 -I 3rd-party/build-Debug/include  -std=gnu99 -pedantic -pedantic-errors -Wall -Wextra -Wshadow -Wmissing-prototypes -Wdeclaration-after-statement -Wunused -Wfloat-equal -Wpointer-arith -Wwrite-strings -Wformat-security -Wmissing-format-attribute -Wundef -fPIC -D_GNU_SOURCE -D_LARGEFILE64_SOURCE -DCHECK_FUNCTION_EXISTS=malloc   -o CMakeFiles/cmTC_1cc78.dir/CheckFunctionExists.c.o   -c /usr/share/cmake-3.5/Modules/CheckFunctionExists.c
<command-line>:0:23: error: conflicting types for built-in function ‘malloc’ [-Werror]
/usr/share/cmake-3.5/Modules/CheckFunctionExists.c:6:6: note: in expansion of macro ‘CHECK_FUNCTION_EXISTS’
 char CHECK_FUNCTION_EXISTS();
      ^
cc1: all warnings being treated as errors
CMakeFiles/cmTC_1cc78.dir/build.make:65: recipe for target 'CMakeFiles/cmTC_1cc78.dir/CheckFunctionExists.c.o' failed
make[3]: *** [CMakeFiles/cmTC_1cc78.dir/CheckFunctionExists.c.o] Error 1
make[3]: Leaving directory '/home/ssanghvi/advanced-practical-esd/unit_tests/circular_buffer_unit_test/3rd-party/build-Debug/cmocka/CMakeFiles/CMakeTmp'
Makefile:126: recipe for target 'cmTC_1cc78/fast' failed
make[2]: *** [cmTC_1cc78/fast] Error 2
make[2]: Leaving directory '/home/ssanghvi/advanced-practical-esd/unit_tests/circular_buffer_unit_test/3rd-party/build-Debug/cmocka/CMakeFiles/CMakeTmp'


Determining if the function memcpy exists failed with the following output:
Change Dir: /home/ssanghvi/advanced-practical-esd/unit_tests/circular_buffer_unit_test/3rd-party/build-Debug/cmocka/CMakeFiles/CMakeTmp

Run Build Command:"/usr/bin/make" "cmTC_bf7fb/fast"
make[2]: Entering directory '/home/ssanghvi/advanced-practical-esd/unit_tests/circular_buffer_unit_test/3rd-party/build-Debug/cmocka/CMakeFiles/CMakeTmp'
/usr/bin/make -f CMakeFiles/cmTC_bf7fb.dir/build.make CMakeFiles/cmTC_bf7fb.dir/build
make[3]: Entering directory '/home/ssanghvi/advanced-practical-esd/unit_tests/circular_buffer_unit_test/3rd-party/build-Debug/cmocka/CMakeFiles/CMakeTmp'
Building C object CMakeFiles/cmTC_bf7fb.dir/CheckFunctionExists.c.o
/usr/bin/cc    -std=c99 -Wall -Werror -g -O0 -I 3rd-party/build-Debug/include  -std=gnu99 -pedantic -pedantic-errors -Wall -Wextra -Wshadow -Wmissing-prototypes -Wdeclaration-after-statement -Wunused -Wfloat-equal -Wpointer-arith -Wwrite-strings -Wformat-security -Wmissing-format-attribute -Wundef -fPIC -D_GNU_SOURCE -D_LARGEFILE64_SOURCE -DCHECK_FUNCTION_EXISTS=memcpy   -o CMakeFiles/cmTC_bf7fb.dir/CheckFunctionExists.c.o   -c /usr/share/cmake-3.5/Modules/CheckFunctionExists.c
<command-line>:0:23: error: conflicting types for built-in function ‘memcpy’ [-Werror]
/usr/share/cmake-3.5/Modules/CheckFunctionExists.c:6:6: note: in expansion of macro ‘CHECK_FUNCTION_EXISTS’
 char CHECK_FUNCTION_EXISTS();
      ^
cc1: all warnings being treated as errors
CMakeFiles/cmTC_bf7fb.dir/build.make:65: recipe for target 'CMakeFiles/cmTC_bf7fb.dir/CheckFunctionExists.c.o' failed
make[3]: *** [CMakeFiles/cmTC_bf7fb.dir/CheckFunctionExists.c.o] Error 1
make[3]: Leaving directory '/home/ssanghvi/advanced-practical-esd/unit_tests/circular_buffer_unit_test/3rd-party/build-Debug/cmocka/CMakeFiles/CMakeTmp'
Makefile:126: recipe for target 'cmTC_bf7fb/fast' failed
make[2]: *** [cmTC_bf7fb/fast] Error 2
make[2]: Leaving directory '/home/ssanghvi/advanced-practical-esd/unit_tests/circular_buffer_unit_test/3rd-party/build-Debug/cmocka/CMakeFiles/CMakeTmp'


Determining if the function memset exists failed with the following output:
Change Dir: /home/ssanghvi/advanced-practical-esd/unit_tests/circular_buffer_unit_test/3rd-party/build-Debug/cmocka/CMakeFiles/CMakeTmp

Run Build Command:"/usr/bin/make" "cmTC_844f0/fast"
make[2]: Entering directory '/home/ssanghvi/advanced-practical-esd/unit_tests/circular_buffer_unit_test/3rd-party/build-Debug/cmocka/CMakeFiles/CMakeTmp'
/usr/bin/make -f CMakeFiles/cmTC_844f0.dir/build.make CMakeFiles/cmTC_844f0.dir/build
make[3]: Entering directory '/home/ssanghvi/advanced-practical-esd/unit_tests/circular_buffer_unit_test/3rd-party/build-Debug/cmocka/CMakeFiles/CMakeTmp'
Building C object CMakeFiles/cmTC_844f0.dir/CheckFunctionExists.c.o
/usr/bin/cc    -std=c99 -Wall -Werror -g -O0 -I 3rd-party/build-Debug/include  -std=gnu99 -pedantic -pedantic-errors -Wall -Wextra -Wshadow -Wmissing-prototypes -Wdeclaration-after-statement -Wunused -Wfloat-equal -Wpointer-arith -Wwrite-strings -Wformat-security -Wmissing-format-attribute -Wundef -fPIC -D_GNU_SOURCE -D_LARGEFILE64_SOURCE -DCHECK_FUNCTION_EXISTS=memset   -o CMakeFiles/cmTC_844f0.dir/CheckFunctionExists.c.o   -c /usr/share/cmake-3.5/Modules/CheckFunctionExists.c
<command-line>:0:23: error: conflicting types for built-in function ‘memset’ [-Werror]
/usr/share/cmake-3.5/Modules/CheckFunctionExists.c:6:6: note: in expansion of macro ‘CHECK_FUNCTION_EXISTS’
 char CHECK_FUNCTION_EXISTS();
      ^
cc1: all warnings being treated as errors
CMakeFiles/cmTC_844f0.dir/build.make:65: recipe for target 'CMakeFiles/cmTC_844f0.dir/CheckFunctionExists.c.o' failed
make[3]: *** [CMakeFiles/cmTC_844f0.dir/CheckFunctionExists.c.o] Error 1
make[3]: Leaving directory '/home/ssanghvi/advanced-practical-esd/unit_tests/circular_buffer_unit_test/3rd-party/build-Debug/cmocka/CMakeFiles/CMakeTmp'
Makefile:126: recipe for target 'cmTC_844f0/fast' failed
make[2]: *** [cmTC_844f0/fast] Error 2
make[2]: Leaving directory '/home/ssanghvi/advanced-practical-esd/unit_tests/circular_buffer_unit_test/3rd-party/build-Debug/cmocka/CMakeFiles/CMakeTmp'


Determining if the function printf exists failed with the following output:
Change Dir: /home/ssanghvi/advanced-practical-esd/unit_tests/circular_buffer_unit_test/3rd-party/build-Debug/cmocka/CMakeFiles/CMakeTmp

Run Build Command:"/usr/bin/make" "cmTC_e7e94/fast"
make[2]: Entering directory '/home/ssanghvi/advanced-practical-esd/unit_tests/circular_buffer_unit_test/3rd-party/build-Debug/cmocka/CMakeFiles/CMakeTmp'
/usr/bin/make -f CMakeFiles/cmTC_e7e94.dir/build.make CMakeFiles/cmTC_e7e94.dir/build
make[3]: Entering directory '/home/ssanghvi/advanced-practical-esd/unit_tests/circular_buffer_unit_test/3rd-party/build-Debug/cmocka/CMakeFiles/CMakeTmp'
Building C object CMakeFiles/cmTC_e7e94.dir/CheckFunctionExists.c.o
/usr/bin/cc    -std=c99 -Wall -Werror -g -O0 -I 3rd-party/build-Debug/include  -std=gnu99 -pedantic -pedantic-errors -Wall -Wextra -Wshadow -Wmissing-prototypes -Wdeclaration-after-statement -Wunused -Wfloat-equal -Wpointer-arith -Wwrite-strings -Wformat-security -Wmissing-format-attribute -Wundef -fPIC -D_GNU_SOURCE -D_LARGEFILE64_SOURCE -DCHECK_FUNCTION_EXISTS=printf   -o CMakeFiles/cmTC_e7e94.dir/CheckFunctionExists.c.o   -c /usr/share/cmake-3.5/Modules/CheckFunctionExists.c
<command-line>:0:23: error: conflicting types for built-in function ‘printf’ [-Werror]
/usr/share/cmake-3.5/Modules/CheckFunctionExists.c:6:6: note: in expansion of macro ‘CHECK_FUNCTION_EXISTS’
 char CHECK_FUNCTION_EXISTS();
      ^
cc1: all warnings being treated as errors
CMakeFiles/cmTC_e7e94.dir/build.make:65: recipe for target 'CMakeFiles/cmTC_e7e94.dir/CheckFunctionExists.c.o' failed
make[3]: *** [CMakeFiles/cmTC_e7e94.dir/CheckFunctionExists.c.o] Error 1
make[3]: Leaving directory '/home/ssanghvi/advanced-practical-esd/unit_tests/circular_buffer_unit_test/3rd-party/build-Debug/cmocka/CMakeFiles/CMakeTmp'
Makefile:126: recipe for target 'cmTC_e7e94/fast' failed
make[2]: *** [cmTC_e7e94/fast] Error 2
make[2]: Leaving directory '/home/ssanghvi/advanced-practical-esd/unit_tests/circular_buffer_unit_test/3rd-party/build-Debug/cmocka/CMakeFiles/CMakeTmp'


Determining if the function strcmp exists failed with the following output:
Change Dir: /home/ssanghvi/advanced-practical-esd/unit_tests/circular_buffer_unit_test/3rd-party/build-Debug/cmocka/CMakeFiles/CMakeTmp

Run Build Command:"/usr/bin/make" "cmTC_bea7f/fast"
make[2]: Entering directory '/home/ssanghvi/advanced-practical-esd/unit_tests/circular_buffer_unit_test/3rd-party/build-Debug/cmocka/CMakeFiles/CMakeTmp'
/usr/bin/make -f CMakeFiles/cmTC_bea7f.dir/build.make CMakeFiles/cmTC_bea7f.dir/build
make[3]: Entering directory '/home/ssanghvi/advanced-practical-esd/unit_tests/circular_buffer_unit_test/3rd-party/build-Debug/cmocka/CMakeFiles/CMakeTmp'
Building C object CMakeFiles/cmTC_bea7f.dir/CheckFunctionExists.c.o
/usr/bin/cc    -std=c99 -Wall -Werror -g -O0 -I 3rd-party/build-Debug/include  -std=gnu99 -pedantic -pedantic-errors -Wall -Wextra -Wshadow -Wmissing-prototypes -Wdeclaration-after-statement -Wunused -Wfloat-equal -Wpointer-arith -Wwrite-strings -Wformat-security -Wmissing-format-attribute -Wundef -fPIC -D_GNU_SOURCE -D_LARGEFILE64_SOURCE -DCHECK_FUNCTION_EXISTS=strcmp   -o CMakeFiles/cmTC_bea7f.dir/CheckFunctionExists.c.o   -c /usr/share/cmake-3.5/Modules/CheckFunctionExists.c
<command-line>:0:23: error: conflicting types for built-in function ‘strcmp’ [-Werror]
/usr/share/cmake-3.5/Modules/CheckFunctionExists.c:6:6: note: in expansion of macro ‘CHECK_FUNCTION_EXISTS’
 char CHECK_FUNCTION_EXISTS();
      ^
cc1: all warnings being treated as errors
CMakeFiles/cmTC_bea7f.dir/build.make:65: recipe for target 'CMakeFiles/cmTC_bea7f.dir/CheckFunctionExists.c.o' failed
make[3]: *** [CMakeFiles/cmTC_bea7f.dir/CheckFunctionExists.c.o] Error 1
make[3]: Leaving directory '/home/ssanghvi/advanced-practical-esd/unit_tests/circular_buffer_unit_test/3rd-party/build-Debug/cmocka/CMakeFiles/CMakeTmp'
Makefile:126: recipe for target 'cmTC_bea7f/fast' failed
make[2]: *** [cmTC_bea7f/fast] Error 2
make[2]: Leaving directory '/home/ssanghvi/advanced-practical-esd/unit_tests/circular_buffer_unit_test/3rd-party/build-Debug/cmocka/CMakeFiles/CMakeTmp'


Determining if the function sprintf exists failed with the following output:
Change Dir: /home/ssanghvi/advanced-practical-esd/unit_tests/circular_buffer_unit_test/3rd-party/build-Debug/cmocka/CMakeFiles/CMakeTmp

Run Build Command:"/usr/bin/make" "cmTC_27c18/fast"
make[2]: Entering directory '/home/ssanghvi/advanced-practical-esd/unit_tests/circular_buffer_unit_test/3rd-party/build-Debug/cmocka/CMakeFiles/CMakeTmp'
/usr/bin/make -f CMakeFiles/cmTC_27c18.dir/build.make CMakeFiles/cmTC_27c18.dir/build
make[3]: Entering directory '/home/ssanghvi/advanced-practical-esd/unit_tests/circular_buffer_unit_test/3rd-party/build-Debug/cmocka/CMakeFiles/CMakeTmp'
Building C object CMakeFiles/cmTC_27c18.dir/CheckFunctionExists.c.o
/usr/bin/cc    -std=c99 -Wall -Werror -g -O0 -I 3rd-party/build-Debug/include  -std=gnu99 -pedantic -pedantic-errors -Wall -Wextra -Wshadow -Wmissing-prototypes -Wdeclaration-after-statement -Wunused -Wfloat-equal -Wpointer-arith -Wwrite-strings -Wformat-security -Wmissing-format-attribute -Wundef -fPIC -D_GNU_SOURCE -D_LARGEFILE64_SOURCE -DCHECK_FUNCTION_EXISTS=sprintf   -o CMakeFiles/cmTC_27c18.dir/CheckFunctionExists.c.o   -c /usr/share/cmake-3.5/Modules/CheckFunctionExists.c
<command-line>:0:23: error: conflicting types for built-in function ‘sprintf’ [-Werror]
/usr/share/cmake-3.5/Modules/CheckFunctionExists.c:6:6: note: in expansion of macro ‘CHECK_FUNCTION_EXISTS’
 char CHECK_FUNCTION_EXISTS();
      ^
cc1: all warnings being treated as errors
CMakeFiles/cmTC_27c18.dir/build.make:65: recipe for target 'CMakeFiles/cmTC_27c18.dir/CheckFunctionExists.c.o' failed
make[3]: *** [CMakeFiles/cmTC_27c18.dir/CheckFunctionExists.c.o] Error 1
make[3]: Leaving directory '/home/ssanghvi/advanced-practical-esd/unit_tests/circular_buffer_unit_test/3rd-party/build-Debug/cmocka/CMakeFiles/CMakeTmp'
Makefile:126: recipe for target 'cmTC_27c18/fast' failed
make[2]: *** [cmTC_27c18/fast] Error 2
make[2]: Leaving directory '/home/ssanghvi/advanced-practical-esd/unit_tests/circular_buffer_unit_test/3rd-party/build-Debug/cmocka/CMakeFiles/CMakeTmp'


Determining if the function vsnprintf exists failed with the following output:
Change Dir: /home/ssanghvi/advanced-practical-esd/unit_tests/circular_buffer_unit_test/3rd-party/build-Debug/cmocka/CMakeFiles/CMakeTmp

Run Build Command:"/usr/bin/make" "cmTC_fec46/fast"
make[2]: Entering directory '/home/ssanghvi/advanced-practical-esd/unit_tests/circular_buffer_unit_test/3rd-party/build-Debug/cmocka/CMakeFiles/CMakeTmp'
/usr/bin/make -f CMakeFiles/cmTC_fec46.dir/build.make CMakeFiles/cmTC_fec46.dir/build
make[3]: Entering directory '/home/ssanghvi/advanced-practical-esd/unit_tests/circular_buffer_unit_test/3rd-party/build-Debug/cmocka/CMakeFiles/CMakeTmp'
Building C object CMakeFiles/cmTC_fec46.dir/CheckFunctionExists.c.o
/usr/bin/cc    -std=c99 -Wall -Werror -g -O0 -I 3rd-party/build-Debug/include  -std=gnu99 -pedantic -pedantic-errors -Wall -Wextra -Wshadow -Wmissing-prototypes -Wdeclaration-after-statement -Wunused -Wfloat-equal -Wpointer-arith -Wwrite-strings -Wformat-security -Wmissing-format-attribute -Wundef -fPIC -D_GNU_SOURCE -D_LARGEFILE64_SOURCE -DCHECK_FUNCTION_EXISTS=vsnprintf   -o CMakeFiles/cmTC_fec46.dir/CheckFunctionExists.c.o   -c /usr/share/cmake-3.5/Modules/CheckFunctionExists.c
<command-line>:0:23: error: conflicting types for built-in function ‘vsnprintf’ [-Werror]
/usr/share/cmake-3.5/Modules/CheckFunctionExists.c:6:6: note: in expansion of macro ‘CHECK_FUNCTION_EXISTS’
 char CHECK_FUNCTION_EXISTS();
      ^
cc1: all warnings being treated as errors
CMakeFiles/cmTC_fec46.dir/build.make:65: recipe for target 'CMakeFiles/cmTC_fec46.dir/CheckFunctionExists.c.o' failed
make[3]: *** [CMakeFiles/cmTC_fec46.dir/CheckFunctionExists.c.o] Error 1
make[3]: Leaving directory '/home/ssanghvi/advanced-practical-esd/unit_tests/circular_buffer_unit_test/3rd-party/build-Debug/cmocka/CMakeFiles/CMakeTmp'
Makefile:126: recipe for target 'cmTC_fec46/fast' failed
make[2]: *** [cmTC_fec46/fast] Error 2
make[2]: Leaving directory '/home/ssanghvi/advanced-practical-esd/unit_tests/circular_buffer_unit_test/3rd-party/build-Debug/cmocka/CMakeFiles/CMakeTmp'


Determining if the system is big endian passed with the following output:
Change Dir: /home/ssanghvi/advanced-practical-esd/unit_tests/circular_buffer_unit_test/3rd-party/build-Debug/cmocka/CMakeFiles/CMakeTmp

Run Build Command:"/usr/bin/make" "cmTC_b9d98/fast"
make[2]: Entering directory '/home/ssanghvi/advanced-practical-esd/unit_tests/circular_buffer_unit_test/3rd-party/build-Debug/cmocka/CMakeFiles/CMakeTmp'
/usr/bin/make -f CMakeFiles/cmTC_b9d98.dir/build.make CMakeFiles/cmTC_b9d98.dir/build
make[3]: Entering directory '/home/ssanghvi/advanced-practical-esd/unit_tests/circular_buffer_unit_test/3rd-party/build-Debug/cmocka/CMakeFiles/CMakeTmp'
Building C object CMakeFiles/cmTC_b9d98.dir/TestEndianess.c.o
/usr/bin/cc    -std=c99 -Wall -Werror -g -O0 -I 3rd-party/build-Debug/include  -std=gnu99 -pedantic -pedantic-errors -Wall -Wextra -Wshadow -Wmissing-prototypes -Wdeclaration-after-statement -Wunused -Wfloat-equal -Wpointer-arith -Wwrite-strings -Wformat-security -Wmissing-format-attribute -Wundef -fPIC -D_GNU_SOURCE -D_LARGEFILE64_SOURCE    -o CMakeFiles/cmTC_b9d98.dir/TestEndianess.c.o   -c /home/ssanghvi/advanced-practical-esd/unit_tests/circular_buffer_unit_test/3rd-party/build-Debug/cmocka/CMakeFiles/CMakeTmp/TestEndianess.c
Linking C executable cmTC_b9d98
/usr/bin/cmake -E cmake_link_script CMakeFiles/cmTC_b9d98.dir/link.txt --verbose=1
/usr/bin/cc  -std=c99 -Wall -Werror -g -O0 -I 3rd-party/build-Debug/include  -std=gnu99 -pedantic -pedantic-errors -Wall -Wextra -Wshadow -Wmissing-prototypes -Wdeclaration-after-statement -Wunused -Wfloat-equal -Wpointer-arith -Wwrite-strings -Wformat-security -Wmissing-format-attribute -Wundef -fPIC -D_GNU_SOURCE -D_LARGEFILE64_SOURCE     CMakeFiles/cmTC_b9d98.dir/TestEndianess.c.o  -o cmTC_b9d98 -rdynamic 
make[3]: Leaving directory '/home/ssanghvi/advanced-practical-esd/unit_tests/circular_buffer_unit_test/3rd-party/build-Debug/cmocka/CMakeFiles/CMakeTmp'
make[2]: Leaving directory '/home/ssanghvi/advanced-practical-esd/unit_tests/circular_buffer_unit_test/3rd-party/build-Debug/cmocka/CMakeFiles/CMakeTmp'

TestEndianess.c:
/* A 16 bit integer is required. */
typedef unsigned short cmakeint16;

/* On a little endian machine, these 16bit ints will give "THIS IS LITTLE ENDIAN."
   On a big endian machine the characters will be exchanged pairwise. */
const cmakeint16 info_little[] =  {0x4854, 0x5349, 0x4920, 0x2053, 0x494c, 0x5454, 0x454c, 0x4520, 0x444e, 0x4149, 0x2e4e, 0x0000};

/* on a big endian machine, these 16bit ints will give "THIS IS BIG ENDIAN."
   On a little endian machine the characters will be exchanged pairwise. */
const cmakeint16 info_big[] =     {0x5448, 0x4953, 0x2049, 0x5320, 0x4249, 0x4720, 0x454e, 0x4449, 0x414e, 0x2e2e, 0x0000};

#ifdef __CLASSIC_C__
int main(argc, argv) int argc; char *argv[];
#else
int main(int argc, char *argv[])
#endif
{
  int require = 0;
  require += info_little[argc];
  require += info_big[argc];
  (void)argv;
  return require;
}


